<?xml version="1.0" encoding="UTF-8"?>
<!-- Generated by org.testng.reporters.JUnitReportReporter -->
<testsuite hostname="COL-LT-231114C" failures="0" tests="1" name="com.selenium.test.testclasses.FindOwnerTest" time="2.918" errors="0" timestamp="2024-03-05T14:02:10 COT" skipped="0">
  <testcase classname="com.selenium.test.testclasses.FindOwnerTest" name="findOwnerTest" time="2.918"/>
</testsuite> <!-- com.selenium.test.testclasses.FindOwnerTest -->
