<?xml version="1.0" encoding="UTF-8"?>
<!-- Generated by org.testng.reporters.JUnitReportReporter -->
<testsuite hostname="COL-LT-231114C" failures="0" tests="1" name="com.selenium.test.testclasses.PetsTests" time="6.537" errors="0" timestamp="2024-03-07T16:27:04 COT" skipped="0">
  <testcase classname="com.selenium.test.testclasses.PetsTests" name="createNewPetTest" time="6.537"/>
</testsuite> <!-- com.selenium.test.testclasses.PetsTests -->
