<?xml version="1.0" encoding="UTF-8"?>
<!-- Generated by org.testng.reporters.JUnitReportReporter -->
<testsuite hostname="COL-LT-231114C" failures="0" tests="6" name="com.selenium.test.testclasses.PetsTests" time="69.017" errors="0" timestamp="2024-03-08T16:22:54 COT" skipped="0">
  <testcase classname="com.selenium.test.testclasses.PetsTests" name="createNewPetTest" time="12.382"/>
  <testcase classname="com.selenium.test.testclasses.PetsTests" name="updatePetTest" time="11.986"/>
  <testcase classname="com.selenium.test.testclasses.PetsTests" name="createNewVisit" time="9.236"/>
  <testcase classname="com.selenium.test.testclasses.PetsTests" name="petEmptyNameTest" time="10.809"/>
  <testcase classname="com.selenium.test.testclasses.PetsTests" name="petSelectBirthDateUITest" time="13.244"/>
  <testcase classname="com.selenium.test.testclasses.PetsTests" name="createPetAlreadyCreatedTest" time="11.360"/>
</testsuite> <!-- com.selenium.test.testclasses.PetsTests -->
