<?xml version="1.0" encoding="UTF-8"?>
<!-- Generated by org.testng.reporters.JUnitReportReporter -->
<testsuite hostname="COL-LT-231114C" failures="0" tests="1" name="com.selenium.test.testclasses.OwnersTests" time="6.775" errors="0" timestamp="2024-03-06T15:48:54 COT" skipped="0">
  <testcase classname="com.selenium.test.testclasses.OwnersTests" name="updateOwnerTest" time="6.775"/>
</testsuite> <!-- com.selenium.test.testclasses.OwnersTests -->
