<?xml version="1.0" encoding="UTF-8"?>
<!-- Generated by org.testng.reporters.JUnitReportReporter -->
<testsuite hostname="COL-LT-231114C" failures="0" tests="3" name="com.selenium.test.testclasses.OwnersTests" time="8.318" errors="0" timestamp="2024-03-05T15:58:35 COT" skipped="0">
  <testcase classname="com.selenium.test.testclasses.OwnersTests" name="createOwnerFirstNameEmptyTest" time="3.240"/>
  <testcase classname="com.selenium.test.testclasses.OwnersTests" name="createOwnerTest" time="2.446"/>
  <testcase classname="com.selenium.test.testclasses.OwnersTests" name="createOwnerVerifyTelephoneTest" time="2.632"/>
</testsuite> <!-- com.selenium.test.testclasses.OwnersTests -->
