<?xml version="1.0" encoding="UTF-8"?>
<!-- Generated by org.testng.reporters.JUnitReportReporter -->
<testsuite hostname="COL-LT-231114C" failures="0" tests="9" name="com.selenium.test.testclasses.OwnersTests" time="42.487" errors="0" timestamp="2024-03-08T16:22:54 COT" skipped="0">
  <testcase classname="com.selenium.test.testclasses.OwnersTests" name="createOwnerTest" time="3.624"/>
  <testcase classname="com.selenium.test.testclasses.OwnersTests" name="findAllOwnersTest" time="8.486"/>
  <testcase classname="com.selenium.test.testclasses.OwnersTests" name="searchOwnerByLastNameTest" time="2.406"/>
  <testcase classname="com.selenium.test.testclasses.OwnersTests" name="getOwnerInfoTest" time="8.998"/>
  <testcase classname="com.selenium.test.testclasses.OwnersTests" name="updateOwnerTest" time="9.105"/>
  <testcase classname="com.selenium.test.testclasses.OwnersTests" name="createOwnerVerifyTelephoneTest" time="2.688"/>
  <testcase classname="com.selenium.test.testclasses.OwnersTests" name="createOwnerFirstNameEmptyTest" time="2.562"/>
  <testcase classname="com.selenium.test.testclasses.OwnersTests" name="findOwnersNonExistentTest" time="2.252"/>
  <testcase classname="com.selenium.test.testclasses.OwnersTests" name="findOwnersExactLastNameTest" time="2.366"/>
</testsuite> <!-- com.selenium.test.testclasses.OwnersTests -->
