<?xml version="1.0" encoding="UTF-8"?>
<!-- Generated by org.testng.reporters.JUnitReportReporter -->
<testsuite hostname="COL-LT-231114C" failures="0" tests="1" name="com.selenium.test.testclasses.CreateOwnerTest" time="3.398" errors="0" timestamp="2024-03-05T14:02:24 COT" skipped="0">
  <testcase classname="com.selenium.test.testclasses.CreateOwnerTest" name="findOwnerTest" time="3.398"/>
</testsuite> <!-- com.selenium.test.testclasses.CreateOwnerTest -->
